#
# There is insufficient memory for the Java Runtime Environment to continue.
# Native memory allocation (mmap) failed to map 264241152 bytes for G1 virtual space
# Possible reasons:
#   The system is out of physical RAM or swap space
#   The process is running with CompressedOops enabled, and the Java Heap may be blocking the growth of the native heap
# Possible solutions:
#   Reduce memory load on the system
#   Increase physical memory or swap space
#   Check if swap backing store is full
#   Decrease Java heap size (-Xmx/-Xms)
#   Decrease number of Java threads
#   Decrease Java thread stack sizes (-Xss)
#   Set larger code cache with -XX:ReservedCodeCacheSize=
#   JVM is running with Zero Based Compressed Oops mode in which the Java heap is
#     placed in the first 32GB address space. The Java Heap base address is the
#     maximum limit for the native heap growth. Please use -XX:HeapBaseMinAddress
#     to set the Java Heap base and to place the Java Heap above 32GB virtual address.
# This output file may be truncated or incomplete.
#
#  Out of Memory Error (os_windows.cpp:3469), pid=13772, tid=22708
#
# JRE version:  (17.0.1+12) (build )
# Java VM: OpenJDK 64-Bit Server VM (17.0.1+12-LTS, mixed mode, sharing, tiered, compressed oops, compressed class ptrs, g1 gc, windows-amd64)
# No core dump will be written. Minidumps are not enabled by default on client versions of Windows
#

---------------  S U M M A R Y ------------

Command Line: C:\Users\Alvaro\AppData\Local\Temp\surefire878444248701196135\surefirebooter6531725117406185539.jar C:\Users\Alvaro\AppData\Local\Temp\surefire878444248701196135 2022-01-05T20-25-53_844-jvmRun1 surefire12161519790828527316tmp surefire_015914447006953998058tmp

Host: Intel(R) Core(TM) i5-3320M CPU @ 2.60GHz, 4 cores, 15G,  Windows 10 , 64 bit Build 19041 (10.0.19041.1348)
Time: Wed Jan  5 20:25:55 2022 Hora oficial do Brasil elapsed time: 0.246010 seconds (0d 0h 0m 0s)

---------------  T H R E A D  ---------------

Current thread (0x00000217f96299e0):  JavaThread "Unknown thread" [_thread_in_vm, id=22708, stack(0x000000e59e400000,0x000000e59e500000)]

Stack: [0x000000e59e400000,0x000000e59e500000]
Native frames: (J=compiled Java code, j=interpreted, Vv=VM code, C=native code)
V  [jvm.dll+0x64440a]
V  [jvm.dll+0x7f4824]
V  [jvm.dll+0x7f5fde]
V  [jvm.dll+0x7f6633]
V  [jvm.dll+0x2347e8]
V  [jvm.dll+0x64143a]
V  [jvm.dll+0x635f92]
V  [jvm.dll+0x2f2579]
V  [jvm.dll+0x2f9746]
V  [jvm.dll+0x3452da]
V  [jvm.dll+0x34551f]
V  [jvm.dll+0x2c8a98]
V  [jvm.dll+0x2c9a29]
V  [jvm.dll+0x7c7fc1]
V  [jvm.dll+0x3526e1]
V  [jvm.dll+0x7a83ee]
V  [jvm.dll+0x3cdf93]
V  [jvm.dll+0x3cf9d1]
C  [jli.dll+0x51af]
C  [ucrtbase.dll+0x21bb2]
C  [KERNEL32.DLL+0x17034]
C  [ntdll.dll+0x52651]


---------------  P R O C E S S  ---------------

Threads class SMR info:
_java_thread_list=0x00007ffa4a15b6d8, length=0, elements={
}

Java Threads: ( => current thread )

Other Threads:
  0x00000217f96798f0 GCTaskThread "GC Thread#0" [stack: 0x000000e59e500000,0x000000e59e600000] [id=5404]
  0x00000217f968a240 ConcurrentGCThread "G1 Main Marker" [stack: 0x000000e59e600000,0x000000e59e700000] [id=11736]
  0x00000217f968b3a0 ConcurrentGCThread "G1 Conc#0" [stack: 0x000000e59e700000,0x000000e59e800000] [id=9464]

[error occurred during error reporting (printing all threads), id 0xc0000005, EXCEPTION_ACCESS_VIOLATION (0xc0000005) at pc=0x00007ffa49949c77]

VM state: not at safepoint (not fully initialized)

VM Mutex/Monitor currently owned by a thread:  ([mutex/lock_event])
[0x00000217f9626c60] Heap_lock - owner thread: 0x00000217f96299e0

Heap address: 0x0000000705000000, size: 4016 MB, Compressed Oops mode: Zero based, Oop shift amount: 3

CDS archive(s) mapped at: [0x0000000000000000-0x0000000000000000-0x0000000000000000), size 0, SharedBaseAddress: 0x0000000800000000, ArchiveRelocationMode: 0.
Narrow klass base: 0x0000000000000000, Narrow klass shift: 0, Narrow klass range: 0x0

GC Precious Log:
<Empty>

Heap:
 garbage-first heap   total 0K, used 0K [0x0000000705000000, 0x0000000800000000)
  region size 2048K, 0 young (0K), 0 survivors (0K)

[error occurred during error reporting (printing heap information), id 0xc0000005, EXCEPTION_ACCESS_VIOLATION (0xc0000005) at pc=0x00007ffa49d0bd79]

GC Heap History (0 events):
No events

Deoptimization events (0 events):
No events

Classes unloaded (0 events):
No events

Classes redefined (0 events):
No events

Internal exceptions (0 events):
No events

VM Operations (0 events):
No events

Events (1 events):
Event: 0.014 Loaded shared library C:\Program Files\Amazon Corretto\jdk17.0.1_12\bin\java.dll


Dynamic libraries:
0x00007ff7c15c0000 - 0x00007ff7c15cd000 	C:\Program Files\Amazon Corretto\jdk17.0.1_12\bin\java.exe
0x00007ffa85230000 - 0x00007ffa85425000 	C:\WINDOWS\SYSTEM32\ntdll.dll
0x00007ffa83270000 - 0x00007ffa8332e000 	C:\WINDOWS\System32\KERNEL32.DLL
0x00007ffa82c10000 - 0x00007ffa82ed8000 	C:\WINDOWS\System32\KERNELBASE.dll
0x00007ffa82b10000 - 0x00007ffa82c10000 	C:\WINDOWS\System32\ucrtbase.dll
0x00007ffa71fe0000 - 0x00007ffa71ff8000 	C:\Program Files\Amazon Corretto\jdk17.0.1_12\bin\jli.dll
0x00007ffa7ded0000 - 0x00007ffa7dee5000 	C:\Program Files\Amazon Corretto\jdk17.0.1_12\bin\VCRUNTIME140.dll
0x00007ffa83d50000 - 0x00007ffa83ef1000 	C:\WINDOWS\System32\USER32.dll
0x00007ffa82940000 - 0x00007ffa82962000 	C:\WINDOWS\System32\win32u.dll
0x00007ffa85110000 - 0x00007ffa8513b000 	C:\WINDOWS\System32\GDI32.dll
0x00007ffa82f30000 - 0x00007ffa8303d000 	C:\WINDOWS\System32\gdi32full.dll
0x00007ffa83070000 - 0x00007ffa8310d000 	C:\WINDOWS\System32\msvcp_win.dll
0x00007ffa6ce00000 - 0x00007ffa6d09a000 	C:\WINDOWS\WinSxS\amd64_microsoft.windows.common-controls_6595b64144ccf1df_6.0.19041.1110_none_60b5254171f9507e\COMCTL32.dll
0x00007ffa837d0000 - 0x00007ffa8386e000 	C:\WINDOWS\System32\msvcrt.dll
0x00007ffa84660000 - 0x00007ffa84690000 	C:\WINDOWS\System32\IMM32.DLL
0x00007ffa53e20000 - 0x00007ffa53ebb000 	C:\Program Files\Amazon Corretto\jdk17.0.1_12\bin\msvcp140.dll
0x00007ffa49670000 - 0x00007ffa4a289000 	C:\Program Files\Amazon Corretto\jdk17.0.1_12\bin\server\jvm.dll
0x00007ffa84be0000 - 0x00007ffa84c8c000 	C:\WINDOWS\System32\ADVAPI32.dll
0x00007ffa84850000 - 0x00007ffa848eb000 	C:\WINDOWS\System32\sechost.dll
0x00007ffa848f0000 - 0x00007ffa84a1a000 	C:\WINDOWS\System32\RPCRT4.dll
0x00007ffa84bd0000 - 0x00007ffa84bd8000 	C:\WINDOWS\System32\PSAPI.DLL
0x00007ffa7d6c0000 - 0x00007ffa7d6c9000 	C:\WINDOWS\SYSTEM32\WSOCK32.dll
0x00007ffa7cfa0000 - 0x00007ffa7cfc7000 	C:\WINDOWS\SYSTEM32\WINMM.dll
0x00007ffa84ff0000 - 0x00007ffa8505b000 	C:\WINDOWS\System32\WS2_32.dll
0x00007ffa72a50000 - 0x00007ffa72a5a000 	C:\WINDOWS\SYSTEM32\VERSION.dll
0x00007ffa814b0000 - 0x00007ffa814c2000 	C:\WINDOWS\SYSTEM32\kernel.appcore.dll
0x00007ffa7dec0000 - 0x00007ffa7deca000 	C:\Program Files\Amazon Corretto\jdk17.0.1_12\bin\jimage.dll
0x00007ffa81230000 - 0x00007ffa81414000 	C:\WINDOWS\SYSTEM32\DBGHELP.DLL
0x00007ffa7c840000 - 0x00007ffa7c86c000 	C:\WINDOWS\SYSTEM32\dbgcore.DLL
0x00007ffa82a80000 - 0x00007ffa82b02000 	C:\WINDOWS\System32\bcryptPrimitives.dll
0x00007ffa71f70000 - 0x00007ffa71f95000 	C:\Program Files\Amazon Corretto\jdk17.0.1_12\bin\java.dll

dbghelp: loaded successfully - version: 4.0.5 - missing functions: none
symbol engine: initialized successfully - sym options: 0x614 - pdb path: .;C:\Program Files\Amazon Corretto\jdk17.0.1_12\bin;C:\WINDOWS\SYSTEM32;C:\WINDOWS\WinSxS\amd64_microsoft.windows.common-controls_6595b64144ccf1df_6.0.19041.1110_none_60b5254171f9507e;C:\Program Files\Amazon Corretto\jdk17.0.1_12\bin\server

VM Arguments:
java_command: C:\Users\Alvaro\AppData\Local\Temp\surefire878444248701196135\surefirebooter6531725117406185539.jar C:\Users\Alvaro\AppData\Local\Temp\surefire878444248701196135 2022-01-05T20-25-53_844-jvmRun1 surefire12161519790828527316tmp surefire_015914447006953998058tmp
java_class_path (initial): C:\Users\Alvaro\AppData\Local\Temp\surefire878444248701196135\surefirebooter6531725117406185539.jar
Launcher Type: SUN_STANDARD

[Global flags]
     intx CICompilerCount                          = 3                                         {product} {ergonomic}
     uint ConcGCThreads                            = 1                                         {product} {ergonomic}
     uint G1ConcRefinementThreads                  = 4                                         {product} {ergonomic}
   size_t G1HeapRegionSize                         = 2097152                                   {product} {ergonomic}
    uintx GCDrainStackTargetSize                   = 64                                        {product} {ergonomic}
   size_t InitialHeapSize                          = 264241152                                 {product} {ergonomic}
   size_t MarkStackSize                            = 4194304                                   {product} {ergonomic}
   size_t MaxHeapSize                              = 4211081216                                {product} {ergonomic}
   size_t MinHeapDeltaBytes                        = 2097152                                   {product} {ergonomic}
   size_t MinHeapSize                              = 8388608                                   {product} {ergonomic}
    uintx NonNMethodCodeHeapSize                   = 5832780                                {pd product} {ergonomic}
    uintx NonProfiledCodeHeapSize                  = 122912730                              {pd product} {ergonomic}
    uintx ProfiledCodeHeapSize                     = 122912730                              {pd product} {ergonomic}
    uintx ReservedCodeCacheSize                    = 251658240                              {pd product} {ergonomic}
     bool SegmentedCodeCache                       = true                                      {product} {ergonomic}
   size_t SoftMaxHeapSize                          = 4211081216                             {manageable} {ergonomic}
     bool UseCompressedClassPointers               = true                           {product lp64_product} {ergonomic}
     bool UseCompressedOops                        = true                           {product lp64_product} {ergonomic}
     bool UseG1GC                                  = true                                      {product} {ergonomic}
     bool UseLargePagesIndividualAllocation        = false                                  {pd product} {ergonomic}

Logging:
Log output configuration:
 #0: stdout all=warning uptime,level,tags
 #1: stderr all=off uptime,level,tags

Environment Variables:
JAVA_HOME=C:\Program Files\Amazon Corretto\jdk17.0.1_12
PATH=C:\Program Files\Amazon Corretto\jdk17.0.1_12\bin;C:\Program Files\Amazon Corretto\jdk11.0.13_8\bin;C:\Python310\Scripts\;C:\Python310\;C:\Program Files\Amazon Corretto\jdk17.0.0_35\bin;C:\Program Files\Amazon Corretto\jdk11.0.12_7\bin;C:\Program Files\Amazon Corretto\jdk16.0.2_7\bin;C:\Program Files\Amazon Corretto\jdk11.0.11_9\bin;C:\Program Files (x86)\Common Files\Oracle\Java\javapath;C:\Python39\Scripts\;C:\Python39\;C:\Windows\System32;C:\Windows;C:\Windows\System32\wbem;C:\Windows\System32\WindowsPowerShell\v1.0\;C:\Windows\System32\OpenSSH\;C:\Program Files (x86)\GnuPG\bin;C:\Program Files\Intel\WiFi\bin\;C:\Program Files\Common Files\Intel\WirelessCommon\;C:\Program Files\dotnet\;C:\Program Files\Microsoft SQL Server\130\Tools\Binn\;C:\Program Files\Microsoft SQL Server\Client SDK\ODBC\170\Tools\Binn\;C:\ProgramData\chocolatey\bin;C;C:\Program Files\TortoiseGit\bin;C:\Program Files\Docker\Docker\resources\bin;C:\ProgramData\DockerDesktop\version-bin;C:\Program Files\Git\cmd;C:\ProgramData\chocolatey\lib\maven\apache-maven-3.8.4\bin;C:\Program Files\TortoiseSVN\bin;C:\Program Files\nodejs\;C:\Program Files\MySQL\MySQL Shell 8.0\bin\;C:\Program Files\Intel\WiFi\bin\;C:\Program Files\Common Files\Intel\WirelessCommon\;C:\Program Files\heroku\bin;C:\Users\Alvaro\AppData\Local\Microsoft\WindowsApps;C:\Users\Alvaro\AppData\Local\Programs\Microsoft VS Code\bin;C:\Users\Alvaro\.dotnet\tools;C:\Users\Alvaro\AppData\Local\GitHubDesktop\bin;C:\Users\Alvaro\AppData\Roaming\npm
USERNAME=Alvaro
OS=Windows_NT
PROCESSOR_IDENTIFIER=Intel64 Family 6 Model 58 Stepping 9, GenuineIntel



---------------  S Y S T E M  ---------------

OS:
 Windows 10 , 64 bit Build 19041 (10.0.19041.1348)
OS uptime: 20 days 18:49 hours
Hyper-V role detected

CPU: total 4 (initial active 4) (2 cores per cpu, 2 threads per core) family 6 model 58 stepping 9 microcode 0x21, cx8, cmov, fxsr, ht, mmx, sse, sse2, sse3, ssse3, sse4.1, sse4.2, popcnt, tsc, tscinvbit, avx, aes, erms, clmul, vzeroupper, clflush, hv

Memory: 4k page, system-wide physical 16062M (5329M free)
TotalPageFile size 18965M (AvailPageFile size 224M)
current process WorkingSet (physical memory assigned to process): 10M, peak: 10M
current process commit charge ("private bytes"): 51M, peak: 303M

vm_info: OpenJDK 64-Bit Server VM (17.0.1+12-LTS) for windows-amd64 JRE (17.0.1+12-LTS), built on Oct 20 2021 22:36:09 by "Administrator" with MS VC++ 15.9 (VS2017)

END.
